{"type":"operationStart","subtype":"profile","data":{"_id":"8ACEg7dBnwTbbz5Y","timestamp":"2023-08-12T04:20:43.139Z","state":"queued","mode":"standard","creationDate":"2023-08-12T04:20:43.141Z","modificationDate":"2023-08-12T04:20:43.141Z","shortid":"iqSMaUz","inheritedReadPermissions":[],"inheritedEditPermissions":[],"$entitySet":"profiles"},"doDiffs":false,"timestamp":1691814043140,"id":"5mpu6o0lect1ow4","previousOperationId":null,"operationId":"65uy3lseufob210"}
{"type":"log","level":"info","message":"Render request 3 queued for execution and waiting for available worker","previousOperationId":"65uy3lseufob210","timestamp":1691814043140,"id":"giqlt9zpfhv66jo"}
{"type":"operationStart","subtype":"render","name":"orders-main","previousOperationId":"65uy3lseufob210","timestamp":1691814043153,"id":"zynisvqbhqcjimr","previousEventId":"5mpu6o0lect1ow4","operationId":"jzaw6qk49h1w6hk"}
{"type":"log","timestamp":1691814043153,"level":"info","message":"Starting rendering request 3 (user: nampham90)","meta":{"rootId":"g4mvt5gk804bcbs","id":"g4mvt5gk804bcbs"},"id":"i5kd5bq2e5zg903","previousOperationId":"jzaw6qk49h1w6hk"}
{"type":"log","timestamp":1691814043154,"level":"info","message":"Rendering template { name: orders-main, recipe: chrome-pdf, engine: handlebars, preview: true }","meta":{"rootId":"g4mvt5gk804bcbs","id":"g4mvt5gk804bcbs"},"id":"ppcci960uky7np2","previousOperationId":"jzaw6qk49h1w6hk"}
{"type":"log","timestamp":1691814043156,"level":"debug","message":"Data item not defined for this template.","meta":{"rootId":"g4mvt5gk804bcbs","id":"g4mvt5gk804bcbs"},"id":"8uqbd9vkpahm3bk","previousOperationId":"jzaw6qk49h1w6hk"}
{"type":"log","timestamp":1691814043164,"level":"debug","message":"Executing script orders-script (beforeRender)","meta":{"rootId":"g4mvt5gk804bcbs","id":"g4mvt5gk804bcbs"},"id":"paxbqassxixgekj","previousOperationId":"jzaw6qk49h1w6hk"}
{"type":"operationStart","subtype":"scriptsBeforeRender","name":"scripts beforeRender","timestamp":1691814043203,"id":"b5f71ely237rn3z","previousEventId":"zynisvqbhqcjimr","operationId":"lprjuxiomrig8py","previousOperationId":"jzaw6qk49h1w6hk"}
{"type":"operationStart","subtype":"script","name":"scripts orders-script","previousOperationId":"lprjuxiomrig8py","timestamp":1691814043203,"id":"nrkc6g7kcjuxqx4","previousEventId":"b5f71ely237rn3z","operationId":"qrtl1q9rlgjfxxj"}
{"type":"operationEnd","operationId":"qrtl1q9rlgjfxxj","timestamp":1691814044899,"id":"0q8uleo0von07mz","previousEventId":"zynisvqbhqcjimr","previousOperationId":"jzaw6qk49h1w6hk"}
{"type":"operationEnd","operationId":"lprjuxiomrig8py","timestamp":1691814044899,"id":"bpmq8gb3eslbnsx","previousEventId":"0q8uleo0von07mz","previousOperationId":"jzaw6qk49h1w6hk"}
{"type":"log","timestamp":1691814044899,"level":"debug","message":"Base url not specified, skipping its injection.","meta":{"rootId":"g4mvt5gk804bcbs","id":"g4mvt5gk804bcbs"},"id":"l0stmgdlws82agl","previousOperationId":"lprjuxiomrig8py"}
{"type":"operationStart","subtype":"engine","name":"handlebars","timestamp":1691814044899,"id":"nmrhizx2cpp4vsv","previousEventId":"bpmq8gb3eslbnsx","operationId":"xivi77ib0l399sv","previousOperationId":"lprjuxiomrig8py"}
{"type":"log","timestamp":1691814044899,"level":"debug","message":"Rendering engine handlebars","meta":{"rootId":"g4mvt5gk804bcbs","id":"g4mvt5gk804bcbs"},"id":"dlqed3yuql9j9qt","previousOperationId":"xivi77ib0l399sv"}
{"type":"log","timestamp":1691814044920,"level":"debug","message":"(console:log) Pdf utils adding group field, value: \"France\"","meta":{"userLevel":true,"rootId":"g4mvt5gk804bcbs","id":"g4mvt5gk804bcbs"},"id":"c1yc56f5srq8k1f","previousOperationId":"xivi77ib0l399sv"}
{"type":"log","timestamp":1691814044921,"level":"debug","message":"(console:log) Pdf utils adding group field, value: \"Germany\"","meta":{"userLevel":true,"rootId":"g4mvt5gk804bcbs","id":"g4mvt5gk804bcbs"},"id":"eteuni4qtbgjxh9","previousOperationId":"xivi77ib0l399sv"}
{"type":"operationEnd","operationId":"xivi77ib0l399sv","timestamp":1691814044922,"id":"orkdc5j0cbeq75n","previousEventId":"nmrhizx2cpp4vsv","previousOperationId":"xivi77ib0l399sv"}
{"type":"operationStart","subtype":"recipe","name":"chrome-pdf","timestamp":1691814044922,"id":"xca4r87ttljffai","previousEventId":"orkdc5j0cbeq75n","operationId":"j9z07pasl49i2wh","previousOperationId":"xivi77ib0l399sv"}
{"type":"log","timestamp":1691814044922,"level":"debug","message":"Executing recipe chrome-pdf","meta":{"rootId":"g4mvt5gk804bcbs","id":"g4mvt5gk804bcbs"},"id":"qh5dh70agl0rh23","previousOperationId":"j9z07pasl49i2wh"}
{"type":"log","timestamp":1691814044926,"level":"debug","message":"Converting with chrome HeadlessChrome/114.0.5735.90 using chrome-pool strategy","meta":{"rootId":"g4mvt5gk804bcbs","id":"g4mvt5gk804bcbs"},"id":"a6vxo1c92ajofi1","previousOperationId":"j9z07pasl49i2wh"}
{"type":"log","timestamp":1691814045009,"level":"debug","message":"Page request: GET (document) file:///C:/Users/ADMINI~1/AppData/Local/Temp/jsreport/autocleanup/a3c9c2af-63e0-4e33-9f4d-98989384496e-chrome-pdf.html","meta":{"rootId":"g4mvt5gk804bcbs","id":"g4mvt5gk804bcbs"},"id":"iok68p6uinc1fue","previousOperationId":"j9z07pasl49i2wh"}
{"type":"log","timestamp":1691814045016,"level":"debug","message":"Page request finished: GET (document) 200 file:///C:/Users/ADMINI~1/AppData/Local/Temp/jsreport/autocleanup/a3c9c2af-63e0-4e33-9f4d-98989384496e-chrome-pdf.html","meta":{"rootId":"g4mvt5gk804bcbs","id":"g4mvt5gk804bcbs"},"id":"oeaeeutp828fqoy","previousOperationId":"j9z07pasl49i2wh"}
{"type":"log","timestamp":1691814045016,"level":"debug","message":"Page request: GET (stylesheet) https://cdnjs.cloudflare.com/ajax/libs/metro/4.1.5/css/metro.min.css","meta":{"rootId":"g4mvt5gk804bcbs","id":"g4mvt5gk804bcbs"},"id":"c04opuiey2yy3m6","previousOperationId":"j9z07pasl49i2wh"}
{"type":"log","timestamp":1691814045016,"level":"debug","message":"Page request: GET (script) https://cdnjs.cloudflare.com/ajax/libs/Chart.js/2.7.2/Chart.min.js","meta":{"rootId":"g4mvt5gk804bcbs","id":"g4mvt5gk804bcbs"},"id":"8vawk27g3xp8dqz","previousOperationId":"j9z07pasl49i2wh"}
{"type":"log","timestamp":1691814047443,"level":"debug","message":"Page request finished: GET (script) 200 https://cdnjs.cloudflare.com/ajax/libs/Chart.js/2.7.2/Chart.min.js","meta":{"rootId":"g4mvt5gk804bcbs","id":"g4mvt5gk804bcbs"},"id":"n57pn54twcor9xl","previousOperationId":"j9z07pasl49i2wh"}
{"type":"log","timestamp":1691814047463,"level":"debug","message":"Page request finished: GET (stylesheet) 200 https://cdnjs.cloudflare.com/ajax/libs/metro/4.1.5/css/metro.min.css","meta":{"rootId":"g4mvt5gk804bcbs","id":"g4mvt5gk804bcbs"},"id":"d6eritz5ypoy6t6","previousOperationId":"j9z07pasl49i2wh"}
{"type":"log","timestamp":1691814047521,"level":"debug","message":"Running chrome with params {\"printBackground\":true,\"marginTop\":\"4cm\",\"marginRight\":\"1.5cm\",\"marginBottom\":\"1.5cm\",\"marginLeft\":\"1.5cm\",\"waitForJS\":false,\"timeout\":58215,\"margin\":{\"top\":\"4cm\",\"right\":\"1.5cm\",\"bottom\":\"1.5cm\",\"left\":\"1.5cm\"}}","meta":{"rootId":"g4mvt5gk804bcbs","id":"g4mvt5gk804bcbs"},"id":"cix1fogmsocd9iu","previousOperationId":"j9z07pasl49i2wh"}
{"type":"operationEnd","operationId":"j9z07pasl49i2wh","timestamp":1691814047649,"id":"lft1zld6g6zhu9t","previousEventId":"xca4r87ttljffai","previousOperationId":"j9z07pasl49i2wh"}
{"type":"log","timestamp":1691814047649,"level":"info","message":"pdf-utils is starting pdf processing","meta":{"rootId":"g4mvt5gk804bcbs","id":"g4mvt5gk804bcbs"},"id":"p8xjc9rsca5f0e0","previousOperationId":"j9z07pasl49i2wh"}
{"type":"operationStart","subtype":"pdfUtils","name":"pdf utils","timestamp":1691814047837,"id":"si8in0hpxdkef5h","previousEventId":"lft1zld6g6zhu9t","operationId":"s8nniuybb1z45lh","previousOperationId":"j9z07pasl49i2wh"}
{"type":"log","timestamp":1691814047838,"level":"debug","message":"pdf-utils detected 1 pdf operation(s) to process","meta":{"rootId":"g4mvt5gk804bcbs","id":"g4mvt5gk804bcbs"},"id":"x6mkdb8w4v3k9o6","previousOperationId":"s8nniuybb1z45lh"}
{"type":"log","timestamp":1691814048079,"level":"debug","message":"pdf-utils running pdf operation merge","meta":{"rootId":"g4mvt5gk804bcbs","id":"g4mvt5gk804bcbs"},"id":"a0mkw2u7v5e7o0j","previousOperationId":"s8nniuybb1z45lh"}
{"type":"operationStart","subtype":"pdfUtilsMerge","name":"pdf utils merge","previousOperationId":"s8nniuybb1z45lh","timestamp":1691814048079,"id":"n7ast8h967uaa1g","previousEventId":"si8in0hpxdkef5h","operationId":"tnzxroxvaajr8ku"}
{"type":"operationStart","subtype":"render","name":"orders-header","previousOperationId":"tnzxroxvaajr8ku","timestamp":1691814048081,"id":"pqh0i51fw7g6g3a","previousEventId":"n7ast8h967uaa1g","operationId":"1xpsa50fgi0xv3p"}
{"type":"log","timestamp":1691814048081,"level":"info","message":"Starting rendering (child) request (user: nampham90)","meta":{"rootId":"g4mvt5gk804bcbs","id":"39y3b8pypynfu9g"},"id":"wfz1qmfshgmr92o","previousOperationId":"1xpsa50fgi0xv3p"}
{"type":"log","timestamp":1691814048082,"level":"info","message":"Rendering template { name: orders-header, recipe: chrome-pdf, engine: handlebars, preview: true }","meta":{"rootId":"g4mvt5gk804bcbs","id":"39y3b8pypynfu9g"},"id":"tqvb4g904uns02u","previousOperationId":"1xpsa50fgi0xv3p"}
{"type":"log","timestamp":1691814048096,"level":"debug","message":"Inline data specified.","meta":{"rootId":"g4mvt5gk804bcbs","id":"39y3b8pypynfu9g"},"id":"578sonft1oe9tph","previousOperationId":"1xpsa50fgi0xv3p"}
{"type":"log","timestamp":1691814048099,"level":"debug","message":"Base url not specified, skipping its injection.","meta":{"rootId":"g4mvt5gk804bcbs","id":"39y3b8pypynfu9g"},"id":"qihpv8gmuo184nn","previousOperationId":"1xpsa50fgi0xv3p"}
{"type":"operationStart","subtype":"engine","name":"handlebars","timestamp":1691814048100,"id":"lhxbr1ed2qv1mgm","previousEventId":"pqh0i51fw7g6g3a","operationId":"y1txrfo0sloqpll","previousOperationId":"1xpsa50fgi0xv3p"}
{"type":"log","timestamp":1691814048100,"level":"debug","message":"Rendering engine handlebars","meta":{"rootId":"g4mvt5gk804bcbs","id":"39y3b8pypynfu9g"},"id":"idphw46wiy5k85c","previousOperationId":"y1txrfo0sloqpll"}
{"type":"operationEnd","operationId":"y1txrfo0sloqpll","timestamp":1691814048128,"id":"eugna8u4h33zhfc","previousEventId":"lhxbr1ed2qv1mgm","previousOperationId":"y1txrfo0sloqpll"}
{"type":"operationStart","subtype":"recipe","name":"chrome-pdf","timestamp":1691814048128,"id":"qfnreej9ceq6wcs","previousEventId":"eugna8u4h33zhfc","operationId":"fxu68s7sl9p4m0v","previousOperationId":"y1txrfo0sloqpll"}
{"type":"log","timestamp":1691814048128,"level":"debug","message":"Executing recipe chrome-pdf","meta":{"rootId":"g4mvt5gk804bcbs","id":"39y3b8pypynfu9g"},"id":"r57pyllrxqg16rm","previousOperationId":"fxu68s7sl9p4m0v"}
{"type":"log","timestamp":1691814048131,"level":"debug","message":"Converting with chrome HeadlessChrome/114.0.5735.90 using chrome-pool strategy","meta":{"rootId":"g4mvt5gk804bcbs","id":"39y3b8pypynfu9g"},"id":"a2h3n5ukc6nbx6g","previousOperationId":"fxu68s7sl9p4m0v"}
{"type":"log","timestamp":1691814048215,"level":"debug","message":"Page request: GET (document) file:///C:/Users/ADMINI~1/AppData/Local/Temp/jsreport/autocleanup/6ef26cc8-8587-4401-aded-23703b40ca7f-chrome-pdf.html","meta":{"rootId":"g4mvt5gk804bcbs","id":"39y3b8pypynfu9g"},"id":"orh2avlgw8uyp0x","previousOperationId":"fxu68s7sl9p4m0v"}
{"type":"log","timestamp":1691814048224,"level":"debug","message":"Page request finished: GET (document) 200 file:///C:/Users/ADMINI~1/AppData/Local/Temp/jsreport/autocleanup/6ef26cc8-8587-4401-aded-23703b40ca7f-chrome-pdf.html","meta":{"rootId":"g4mvt5gk804bcbs","id":"39y3b8pypynfu9g"},"id":"d9v2xkqlvhkrf89","previousOperationId":"fxu68s7sl9p4m0v"}
{"type":"log","timestamp":1691814048224,"level":"debug","message":"Page request: GET (stylesheet) https://cdnjs.cloudflare.com/ajax/libs/metro/4.1.5/css/metro.min.css","meta":{"rootId":"g4mvt5gk804bcbs","id":"39y3b8pypynfu9g"},"id":"3fgzoclmylm7ytl","previousOperationId":"fxu68s7sl9p4m0v"}
{"type":"log","timestamp":1691814048240,"level":"debug","message":"Page request finished: GET (stylesheet) 200 https://cdnjs.cloudflare.com/ajax/libs/metro/4.1.5/css/metro.min.css","meta":{"rootId":"g4mvt5gk804bcbs","id":"39y3b8pypynfu9g"},"id":"jrlmeatdqxjze76","previousOperationId":"fxu68s7sl9p4m0v"}
{"type":"log","timestamp":1691814048256,"level":"debug","message":"Running chrome with params {\"printBackground\":true,\"marginTop\":\"1.5cm\",\"marginRight\":\"1.5cm\",\"marginLeft\":\"1.cm\",\"timeout\":55009,\"margin\":{\"top\":\"1.5cm\",\"right\":\"1.5cm\",\"left\":\"1.cm\"}}","meta":{"rootId":"g4mvt5gk804bcbs","id":"39y3b8pypynfu9g"},"id":"it9r94r1niwb8ky","previousOperationId":"fxu68s7sl9p4m0v"}
{"type":"operationEnd","operationId":"fxu68s7sl9p4m0v","timestamp":1691814048298,"id":"inmi9y1lxjx74zr","previousEventId":"qfnreej9ceq6wcs","previousOperationId":"fxu68s7sl9p4m0v"}
{"type":"log","timestamp":1691814048298,"level":"debug","message":"Skipping storing report.","meta":{"rootId":"g4mvt5gk804bcbs","id":"39y3b8pypynfu9g"},"id":"57z0lr6i7cduzvs","previousOperationId":"fxu68s7sl9p4m0v"}
{"type":"log","timestamp":1691814048299,"level":"info","message":"Rendering (child) request finished in 5160 ms","meta":{"rootId":"g4mvt5gk804bcbs","id":"39y3b8pypynfu9g"},"id":"xt2b2udprl89z7x","previousOperationId":"fxu68s7sl9p4m0v"}
{"type":"operationEnd","subtype":"render","operationId":"1xpsa50fgi0xv3p","timestamp":1691814048299,"id":"8cm6ug73woqbtxr","previousEventId":"inmi9y1lxjx74zr","previousOperationId":"fxu68s7sl9p4m0v"}
{"type":"operationEnd","operationId":"tnzxroxvaajr8ku","timestamp":1691814048342,"id":"6ylwwudmu1po0m4","previousEventId":"n7ast8h967uaa1g","previousOperationId":"tnzxroxvaajr8ku"}
{"type":"log","timestamp":1691814048342,"level":"debug","message":"pdf-utils postproces start","meta":{"rootId":"g4mvt5gk804bcbs","id":"g4mvt5gk804bcbs"},"id":"s97ali5i8bqcnoy","previousOperationId":"tnzxroxvaajr8ku"}
{"type":"log","timestamp":1691814048383,"level":"debug","message":"pdf-utils postproces end","meta":{"rootId":"g4mvt5gk804bcbs","id":"g4mvt5gk804bcbs"},"id":"utofkf6ev9ybdnt","previousOperationId":"tnzxroxvaajr8ku"}
{"type":"operationEnd","operationId":"s8nniuybb1z45lh","timestamp":1691814048383,"id":"cymsdhuf7scmseg","previousEventId":"6ylwwudmu1po0m4","previousOperationId":"tnzxroxvaajr8ku"}
{"type":"log","timestamp":1691814048383,"level":"info","message":"pdf-utils pdf processing was finished","meta":{"rootId":"g4mvt5gk804bcbs","id":"g4mvt5gk804bcbs"},"id":"9o4tty2w1n2fkqz","previousOperationId":"s8nniuybb1z45lh"}
{"type":"log","timestamp":1691814048383,"level":"debug","message":"Skipping storing report.","meta":{"rootId":"g4mvt5gk804bcbs","id":"g4mvt5gk804bcbs"},"id":"b3rc1xago3ib6li","previousOperationId":"s8nniuybb1z45lh"}
{"type":"log","timestamp":1691814048383,"level":"info","message":"Rendering request 3 finished in 5244 ms","meta":{"rootId":"g4mvt5gk804bcbs","id":"g4mvt5gk804bcbs"},"id":"h9x4vklu2dhcksh","previousOperationId":"s8nniuybb1z45lh"}
{"type":"operationEnd","subtype":"render","operationId":"jzaw6qk49h1w6hk","timestamp":1691814048383,"id":"nwcef8da08a6g0x","previousEventId":"cymsdhuf7scmseg","previousOperationId":"s8nniuybb1z45lh"}
{"type":"operationEnd","doDiffs":false,"previousEventId":"5mpu6o0lect1ow4","previousOperationId":"65uy3lseufob210","operationId":"65uy3lseufob210","timestamp":1691814048394,"id":"ebinjaptuucmr7g"}
