{"type":"operationStart","subtype":"profile","data":{"_id":"cFLeeIgLFfsZbwaG","timestamp":"2023-08-12T04:23:07.361Z","state":"queued","mode":"standard","creationDate":"2023-08-12T04:23:07.364Z","modificationDate":"2023-08-12T04:23:07.364Z","shortid":"VjkFTgz","inheritedReadPermissions":[],"inheritedEditPermissions":[],"$entitySet":"profiles"},"doDiffs":false,"timestamp":1691814187362,"id":"xgoyphn471txhum","previousOperationId":null,"operationId":"12gppkgemel6brj"}
{"type":"log","level":"info","message":"Render request 5 queued for execution and waiting for available worker","previousOperationId":"12gppkgemel6brj","timestamp":1691814187363,"id":"db7kb6454uvl3zh"}
{"type":"operationStart","subtype":"render","name":"orders-header","previousOperationId":"12gppkgemel6brj","timestamp":1691814187375,"id":"fjh2tpqwudfhbwm","previousEventId":"xgoyphn471txhum","operationId":"3lqqlj16n3mskzk"}
{"type":"log","timestamp":1691814187375,"level":"info","message":"Starting rendering request 5 (user: nampham90)","meta":{"rootId":"f2n2olvbbag5w9e","id":"f2n2olvbbag5w9e"},"id":"twmssto7ph8q9jo","previousOperationId":"3lqqlj16n3mskzk"}
{"type":"log","timestamp":1691814187375,"level":"info","message":"Rendering template { name: orders-header, recipe: chrome-pdf, engine: handlebars, preview: true }","meta":{"rootId":"f2n2olvbbag5w9e","id":"f2n2olvbbag5w9e"},"id":"b68tgv47ed1zitf","previousOperationId":"3lqqlj16n3mskzk"}
{"type":"log","timestamp":1691814187377,"level":"debug","message":"Data item not defined for this template.","meta":{"rootId":"f2n2olvbbag5w9e","id":"f2n2olvbbag5w9e"},"id":"9mq6npmk6sckp3x","previousOperationId":"3lqqlj16n3mskzk"}
{"type":"log","timestamp":1691814187381,"level":"debug","message":"Base url not specified, skipping its injection.","meta":{"rootId":"f2n2olvbbag5w9e","id":"f2n2olvbbag5w9e"},"id":"yu4b8xzs7hz9nb3","previousOperationId":"3lqqlj16n3mskzk"}
{"type":"operationStart","subtype":"engine","name":"handlebars","timestamp":1691814187382,"id":"darlqtaq1e2smw0","previousEventId":"fjh2tpqwudfhbwm","operationId":"h9zo3sn71ya90ph","previousOperationId":"3lqqlj16n3mskzk"}
{"type":"log","timestamp":1691814187382,"level":"debug","message":"Rendering engine handlebars","meta":{"rootId":"f2n2olvbbag5w9e","id":"f2n2olvbbag5w9e"},"id":"65r9jbdylt41n6h","previousOperationId":"h9zo3sn71ya90ph"}
{"type":"operationEnd","operationId":"h9zo3sn71ya90ph","timestamp":1691814187412,"id":"blu7g4j9h5j2c22","previousEventId":"darlqtaq1e2smw0","previousOperationId":"h9zo3sn71ya90ph"}
{"type":"operationStart","subtype":"recipe","name":"chrome-pdf","timestamp":1691814187414,"id":"abvc3nhlngcq1gt","previousEventId":"blu7g4j9h5j2c22","operationId":"9zng1yreasqyngf","previousOperationId":"h9zo3sn71ya90ph"}
{"type":"log","timestamp":1691814187414,"level":"debug","message":"Executing recipe chrome-pdf","meta":{"rootId":"f2n2olvbbag5w9e","id":"f2n2olvbbag5w9e"},"id":"8z19f3ljsj99upf","previousOperationId":"9zng1yreasqyngf"}
{"type":"log","timestamp":1691814187419,"level":"debug","message":"Converting with chrome HeadlessChrome/114.0.5735.90 using chrome-pool strategy","meta":{"rootId":"f2n2olvbbag5w9e","id":"f2n2olvbbag5w9e"},"id":"4ns7ufflefllk54","previousOperationId":"9zng1yreasqyngf"}
{"type":"log","timestamp":1691814187523,"level":"debug","message":"Page request: GET (document) file:///C:/Users/ADMINI~1/AppData/Local/Temp/jsreport/autocleanup/e2cbeb6f-5922-43e9-8445-1f3922cf5bde-chrome-pdf.html","meta":{"rootId":"f2n2olvbbag5w9e","id":"f2n2olvbbag5w9e"},"id":"2x961ud6kjvvwfk","previousOperationId":"9zng1yreasqyngf"}
{"type":"log","timestamp":1691814187532,"level":"debug","message":"Page request finished: GET (document) 200 file:///C:/Users/ADMINI~1/AppData/Local/Temp/jsreport/autocleanup/e2cbeb6f-5922-43e9-8445-1f3922cf5bde-chrome-pdf.html","meta":{"rootId":"f2n2olvbbag5w9e","id":"f2n2olvbbag5w9e"},"id":"sx5z018fiohp2uk","previousOperationId":"9zng1yreasqyngf"}
{"type":"log","timestamp":1691814187532,"level":"debug","message":"Page request: GET (stylesheet) https://cdnjs.cloudflare.com/ajax/libs/metro/4.1.5/css/metro.min.css","meta":{"rootId":"f2n2olvbbag5w9e","id":"f2n2olvbbag5w9e"},"id":"acqobwjvjflu7ti","previousOperationId":"9zng1yreasqyngf"}
{"type":"log","timestamp":1691814187549,"level":"debug","message":"Page request finished: GET (stylesheet) 200 https://cdnjs.cloudflare.com/ajax/libs/metro/4.1.5/css/metro.min.css","meta":{"rootId":"f2n2olvbbag5w9e","id":"f2n2olvbbag5w9e"},"id":"m4s7qck6m36gkdu","previousOperationId":"9zng1yreasqyngf"}
{"type":"log","timestamp":1691814187555,"level":"debug","message":"Running chrome with params {\"printBackground\":true,\"marginTop\":\"1.5cm\",\"marginRight\":\"1.5cm\",\"marginLeft\":\"1.cm\",\"timeout\":59944,\"margin\":{\"top\":\"1.5cm\",\"right\":\"1.5cm\",\"left\":\"1.cm\"}}","meta":{"rootId":"f2n2olvbbag5w9e","id":"f2n2olvbbag5w9e"},"id":"efdvx7u4j6kcci3","previousOperationId":"9zng1yreasqyngf"}
{"type":"operationEnd","operationId":"9zng1yreasqyngf","timestamp":1691814187588,"id":"mx3lqlzms5w01jp","previousEventId":"abvc3nhlngcq1gt","previousOperationId":"9zng1yreasqyngf"}
{"type":"log","timestamp":1691814187589,"level":"debug","message":"Skipping storing report.","meta":{"rootId":"f2n2olvbbag5w9e","id":"f2n2olvbbag5w9e"},"id":"yv5l4luk1tcsvg6","previousOperationId":"9zng1yreasqyngf"}
{"type":"log","timestamp":1691814187589,"level":"info","message":"Rendering request 5 finished in 228 ms","meta":{"rootId":"f2n2olvbbag5w9e","id":"f2n2olvbbag5w9e"},"id":"y34cx7bmfqyuuk2","previousOperationId":"9zng1yreasqyngf"}
{"type":"operationEnd","subtype":"render","operationId":"3lqqlj16n3mskzk","timestamp":1691814187589,"id":"a6qnybu425sod1o","previousEventId":"mx3lqlzms5w01jp","previousOperationId":"9zng1yreasqyngf"}
{"type":"operationEnd","doDiffs":false,"previousEventId":"xgoyphn471txhum","previousOperationId":"12gppkgemel6brj","operationId":"12gppkgemel6brj","timestamp":1691814187597,"id":"u1ns9mo3gnsb89p"}
