2023-08-12T04:08:58.743Z - info: Initializing jsreport (version: 3.13.0, configuration file: jsreport.config.json, nodejs: 16.14.0)
2023-08-12T04:08:58.746Z - info: Searching for available extensions in C:\Users\Administrator\Desktop\Duan BotTelegram\server_botMT4\
2023-08-12T04:08:58.749Z - info: Extensions location cache not found, crawling directories
2023-08-12T04:09:00.675Z - info: Found 35 extension(s)
2023-08-12T04:09:00.795Z - info: Using extension authentication@3.4.0
2023-08-12T04:09:01.052Z - info: Using extension base@3.0.1
2023-08-12T04:09:01.056Z - info: Using extension child-templates@3.1.0
2023-08-12T04:09:01.059Z - info: Using extension cli@3.2.3
2023-08-12T04:09:01.061Z - info: Using extension components@3.3.1
2023-08-12T04:09:01.063Z - info: Using extension data@3.1.0
2023-08-12T04:09:01.065Z - info: Using extension express@3.7.1
2023-08-12T04:09:01.320Z - info: Using extension freeze@3.0.1
2023-08-12T04:09:01.322Z - info: Using extension fs-store@3.2.5
2023-08-12T04:09:01.427Z - info: Using extension handlebars@3.2.1
2023-08-12T04:09:01.429Z - info: Using extension import-export@3.2.0
2023-08-12T04:09:01.441Z - info: Using extension jsrender@3.0.0
2023-08-12T04:09:01.442Z - info: Using extension licensing@3.0.3
2023-08-12T04:09:01.462Z - info: Using extension localization@3.2.2
2023-08-12T04:09:01.463Z - info: Using extension npm@3.2.0
2023-08-12T04:09:01.466Z - info: Using extension pdf-utils@3.9.0
2023-08-12T04:09:01.469Z - info: Using extension reports@3.1.1
2023-08-12T04:09:01.471Z - info: Using extension tags@3.1.1
2023-08-12T04:09:01.474Z - info: Using extension text@3.0.0
2023-08-12T04:09:01.475Z - info: Using extension version-control@3.1.2
2023-08-12T04:09:01.488Z - info: Using extension assets@3.6.1
2023-08-12T04:09:01.501Z - info: Using extension authorization@3.3.0
2023-08-12T04:09:01.505Z - info: Using extension browser-client@3.1.2
2023-08-12T04:09:01.509Z - info: Using extension chrome-pdf@3.4.0
2023-08-12T04:09:01.512Z - info: Using extension docx@3.7.2
2023-08-12T04:09:01.514Z - info: Using extension html-to-xlsx@3.3.2
2023-08-12T04:09:01.850Z - info: html-to-xlsx detected chrome as available html engine
2023-08-12T04:09:01.850Z - info: Using extension pptx@3.4.0
2023-08-12T04:09:01.852Z - info: Using extension scheduling@3.0.3
2023-08-12T04:09:01.879Z - info: Using extension scripts@3.4.1
2023-08-12T04:09:01.880Z - info: Using extension static-pdf@3.0.1
2023-08-12T04:09:01.881Z - info: Using extension studio@3.9.3
2023-08-12T04:09:01.970Z - info: Using extension xlsx@3.5.0
2023-08-12T04:09:01.992Z - info: Using extension public-templates@3.0.0
2023-08-12T04:09:01.993Z - info: Using extension sample-template@3.2.1
2023-08-12T04:09:01.995Z - info: Using extension studio-theme-dark@3.0.1
2023-08-12T04:09:01.996Z - info: Code sandboxing is disabled, users can potentially penetrate the local system if you allow code from external users to be part of your reports
2023-08-12T04:09:01.997Z - info: Using general timeout for rendering (reportTimeout: 60000)
2023-08-12T04:09:01.997Z - info: Using fs provider for template store.
2023-08-12T04:09:02.006Z - info: fs store is persisting using fs for C:\Users\Administrator\Desktop\Duan BotTelegram\server_botMT4\data
2023-08-12T04:09:02.013Z - info: fs store is loading data
2023-08-12T04:09:02.023Z - info: fs store is initialized successfully
2023-08-12T04:09:02.139Z - info: Creating default express app.
2023-08-12T04:09:02.174Z - info: jsreport server successfully started on http port: 5488
2023-08-12T04:09:02.176Z - info: Verifying license key free
2023-08-12T04:09:02.179Z - info: Using free license
2023-08-12T04:09:02.203Z - info: Migrating templates chrome settings (waitForNetworkIddle -> waitForNetworkIdle)
2023-08-12T04:09:02.209Z - info: Migration successful
2023-08-12T04:09:02.898Z - info: Initializing worker threads
2023-08-12T04:09:03.467Z - info: 2 worker threads initialized in 569ms
2023-08-12T04:09:03.476Z - info: Starting temp files cleanup with 180000ms threshold
2023-08-12T04:09:03.489Z - info: reporter initialized
2023-08-12T04:15:34.605Z - info: Logging in user nampham90
2023-08-12T04:16:09.641Z - info: Render request 1 queued for execution and waiting for available worker rootId=3obdyz4df89txz1, id=3obdyz4df89txz1
2023-08-12T04:16:09.732Z - info: Starting rendering request 1 (user: nampham90) rootId=3obdyz4df89txz1, id=3obdyz4df89txz1
2023-08-12T04:16:09.733Z - info: Rendering template { name: invoice-main, recipe: chrome-pdf, engine: handlebars, preview: true } rootId=3obdyz4df89txz1, id=3obdyz4df89txz1
2023-08-12T04:16:11.360Z - info: Rendering request 1 finished in 1721 ms rootId=3obdyz4df89txz1, id=3obdyz4df89txz1
2023-08-12T04:20:09.604Z - info: Render request 2 queued for execution and waiting for available worker rootId=p2dywi3h5oxp0wg, id=p2dywi3h5oxp0wg
2023-08-12T04:20:09.675Z - info: Starting rendering request 2 (user: nampham90) rootId=p2dywi3h5oxp0wg, id=p2dywi3h5oxp0wg
2023-08-12T04:20:09.676Z - info: Rendering template { name: invoice-main, recipe: chrome-pdf, engine: handlebars, preview: true } rootId=p2dywi3h5oxp0wg, id=p2dywi3h5oxp0wg
2023-08-12T04:20:10.827Z - info: Rendering request 2 finished in 1223 ms rootId=p2dywi3h5oxp0wg, id=p2dywi3h5oxp0wg
2023-08-12T04:20:43.140Z - info: Render request 3 queued for execution and waiting for available worker rootId=g4mvt5gk804bcbs, id=g4mvt5gk804bcbs
2023-08-12T04:20:43.171Z - info: Starting rendering request 3 (user: nampham90) rootId=g4mvt5gk804bcbs, id=g4mvt5gk804bcbs
2023-08-12T04:20:43.173Z - info: Rendering template { name: orders-main, recipe: chrome-pdf, engine: handlebars, preview: true } rootId=g4mvt5gk804bcbs, id=g4mvt5gk804bcbs
2023-08-12T04:20:48.082Z - info: pdf-utils is starting pdf processing rootId=g4mvt5gk804bcbs, id=g4mvt5gk804bcbs
2023-08-12T04:20:48.103Z - info: Starting rendering (child) request (user: nampham90) rootId=g4mvt5gk804bcbs, id=39y3b8pypynfu9g
2023-08-12T04:20:48.104Z - info: Rendering template { name: orders-header, recipe: chrome-pdf, engine: handlebars, preview: true } rootId=g4mvt5gk804bcbs, id=39y3b8pypynfu9g
2023-08-12T04:20:48.385Z - info: Rendering (child) request finished in 5160 ms rootId=g4mvt5gk804bcbs, id=39y3b8pypynfu9g
2023-08-12T04:20:48.387Z - info: pdf-utils pdf processing was finished rootId=g4mvt5gk804bcbs, id=g4mvt5gk804bcbs
2023-08-12T04:20:48.387Z - info: Rendering request 3 finished in 5244 ms rootId=g4mvt5gk804bcbs, id=g4mvt5gk804bcbs
2023-08-12T04:21:07.136Z - info: Render request 4 queued for execution and waiting for available worker rootId=vfontmdsp08u6cs, id=vfontmdsp08u6cs
2023-08-12T04:21:07.163Z - info: Starting rendering request 4 (user: nampham90) rootId=vfontmdsp08u6cs, id=vfontmdsp08u6cs
2023-08-12T04:21:07.164Z - info: Rendering template { name: sales-main, recipe: html-to-xlsx, engine: handlebars, preview: true } rootId=vfontmdsp08u6cs, id=vfontmdsp08u6cs
2023-08-12T04:21:07.650Z - info: html-to-xlsx generation is starting rootId=vfontmdsp08u6cs, id=vfontmdsp08u6cs
2023-08-12T04:21:08.088Z - info: html-to-xlsx generation was finished rootId=vfontmdsp08u6cs, id=vfontmdsp08u6cs
2023-08-12T04:21:08.767Z - info: Rendering request 4 finished in 1631 ms rootId=vfontmdsp08u6cs, id=vfontmdsp08u6cs
2023-08-12T04:23:07.363Z - info: Render request 5 queued for execution and waiting for available worker rootId=f2n2olvbbag5w9e, id=f2n2olvbbag5w9e
2023-08-12T04:23:07.384Z - info: Starting rendering request 5 (user: nampham90) rootId=f2n2olvbbag5w9e, id=f2n2olvbbag5w9e
2023-08-12T04:23:07.386Z - info: Rendering template { name: orders-header, recipe: chrome-pdf, engine: handlebars, preview: true } rootId=f2n2olvbbag5w9e, id=f2n2olvbbag5w9e
2023-08-12T04:23:07.592Z - info: Rendering request 5 finished in 228 ms rootId=f2n2olvbbag5w9e, id=f2n2olvbbag5w9e
2023-08-12T04:24:09.770Z - info: Render request 6 queued for execution and waiting for available worker rootId=zbx19nyyliq6137, id=zbx19nyyliq6137
2023-08-12T04:24:09.791Z - info: Starting rendering request 6 (user: nampham90) rootId=zbx19nyyliq6137, id=zbx19nyyliq6137
2023-08-12T04:24:09.792Z - info: Rendering template { name: invoice-main, recipe: chrome-pdf, engine: handlebars, preview: true } rootId=zbx19nyyliq6137, id=zbx19nyyliq6137
2023-08-12T04:24:10.006Z - info: Rendering request 6 finished in 236 ms rootId=zbx19nyyliq6137, id=zbx19nyyliq6137
2023-08-12T04:52:01.349Z - info: Render request 7 queued for execution and waiting for available worker rootId=v5weyaln8eeoxxc, id=v5weyaln8eeoxxc
2023-08-12T04:52:01.370Z - info: Starting rendering request 7 (user: nampham90) rootId=v5weyaln8eeoxxc, id=v5weyaln8eeoxxc
2023-08-12T04:52:01.371Z - info: Rendering template { name: invoice-main, recipe: chrome-pdf, engine: handlebars, preview: true } rootId=v5weyaln8eeoxxc, id=v5weyaln8eeoxxc
2023-08-12T04:52:01.594Z - info: Rendering request 7 finished in 243 ms rootId=v5weyaln8eeoxxc, id=v5weyaln8eeoxxc
